[INFO] [2016-08-21 23:55:39][org.springframework.web.context.ContextLoader]Root WebApplicationContext: initialization started
[INFO] [2016-08-21 23:55:39][org.springframework.web.context.support.XmlWebApplicationContext]Refreshing Root WebApplicationContext: startup date [Sun Aug 21 23:55:39 GMT+08:00 2016]; root of context hierarchy
[INFO] [2016-08-21 23:55:39][org.springframework.beans.factory.xml.XmlBeanDefinitionReader]Loading XML bean definitions from class path resource [spring-mybatis.xml]
[INFO] [2016-08-21 23:55:39][org.springframework.beans.factory.config.PropertyPlaceholderConfigurer]Loading properties file from class path resource [jdbc.properties]
[INFO] [2016-08-21 23:55:39][org.springframework.beans.factory.annotation.AutowiredAnnotationBeanPostProcessor]JSR-330 'javax.inject.Inject' annotation found and supported for autowiring
[INFO] [2016-08-21 23:55:40][org.springframework.web.context.ContextLoader]Root WebApplicationContext: initialization completed in 899 ms
[INFO] [2016-08-21 23:55:40][org.springframework.web.servlet.DispatcherServlet]FrameworkServlet 'SpringMVC': initialization started
[INFO] [2016-08-21 23:55:40][org.springframework.web.context.support.XmlWebApplicationContext]Refreshing WebApplicationContext for namespace 'SpringMVC-servlet': startup date [Sun Aug 21 23:55:40 GMT+08:00 2016]; parent: Root WebApplicationContext
[INFO] [2016-08-21 23:55:40][org.springframework.beans.factory.xml.XmlBeanDefinitionReader]Loading XML bean definitions from class path resource [spring-mvc.xml]
[INFO] [2016-08-21 23:55:40][org.springframework.beans.factory.annotation.AutowiredAnnotationBeanPostProcessor]JSR-330 'javax.inject.Inject' annotation found and supported for autowiring
[INFO] [2016-08-21 23:55:41][org.springframework.web.servlet.mvc.annotation.DefaultAnnotationHandlerMapping]Mapped URL path [/customerController/exit] onto handler 'customerController'
[INFO] [2016-08-21 23:55:41][org.springframework.web.servlet.mvc.annotation.DefaultAnnotationHandlerMapping]Mapped URL path [/customerController/exit.*] onto handler 'customerController'
[INFO] [2016-08-21 23:55:41][org.springframework.web.servlet.mvc.annotation.DefaultAnnotationHandlerMapping]Mapped URL path [/customerController/exit/] onto handler 'customerController'
[INFO] [2016-08-21 23:55:41][org.springframework.web.servlet.mvc.annotation.DefaultAnnotationHandlerMapping]Mapped URL path [/customerController/getByPage] onto handler 'customerController'
[INFO] [2016-08-21 23:55:41][org.springframework.web.servlet.mvc.annotation.DefaultAnnotationHandlerMapping]Mapped URL path [/customerController/getByPage.*] onto handler 'customerController'
[INFO] [2016-08-21 23:55:41][org.springframework.web.servlet.mvc.annotation.DefaultAnnotationHandlerMapping]Mapped URL path [/customerController/getByPage/] onto handler 'customerController'
[INFO] [2016-08-21 23:55:41][org.springframework.web.servlet.mvc.annotation.DefaultAnnotationHandlerMapping]Mapped URL path [/customerController/customerLogin] onto handler 'customerController'
[INFO] [2016-08-21 23:55:41][org.springframework.web.servlet.mvc.annotation.DefaultAnnotationHandlerMapping]Mapped URL path [/customerController/customerLogin.*] onto handler 'customerController'
[INFO] [2016-08-21 23:55:41][org.springframework.web.servlet.mvc.annotation.DefaultAnnotationHandlerMapping]Mapped URL path [/customerController/customerLogin/] onto handler 'customerController'
[INFO] [2016-08-21 23:55:41][org.springframework.web.servlet.DispatcherServlet]FrameworkServlet 'SpringMVC': initialization completed in 863 ms
[INFO] [2016-08-21 23:59:50][org.springframework.web.context.ContextLoader]Root WebApplicationContext: initialization started
[INFO] [2016-08-21 23:59:50][org.springframework.web.context.support.XmlWebApplicationContext]Refreshing Root WebApplicationContext: startup date [Sun Aug 21 23:59:50 GMT+08:00 2016]; root of context hierarchy
[INFO] [2016-08-21 23:59:50][org.springframework.beans.factory.xml.XmlBeanDefinitionReader]Loading XML bean definitions from class path resource [spring-mybatis.xml]
[INFO] [2016-08-21 23:59:51][org.springframework.beans.factory.config.PropertyPlaceholderConfigurer]Loading properties file from class path resource [jdbc.properties]
[INFO] [2016-08-21 23:59:51][org.springframework.beans.factory.annotation.AutowiredAnnotationBeanPostProcessor]JSR-330 'javax.inject.Inject' annotation found and supported for autowiring
[INFO] [2016-08-21 23:59:51][org.springframework.web.context.ContextLoader]Root WebApplicationContext: initialization completed in 710 ms
[INFO] [2016-08-21 23:59:51][org.springframework.web.servlet.DispatcherServlet]FrameworkServlet 'SpringMVC': initialization started
[INFO] [2016-08-21 23:59:51][org.springframework.web.context.support.XmlWebApplicationContext]Refreshing WebApplicationContext for namespace 'SpringMVC-servlet': startup date [Sun Aug 21 23:59:51 GMT+08:00 2016]; parent: Root WebApplicationContext
[INFO] [2016-08-21 23:59:51][org.springframework.beans.factory.xml.XmlBeanDefinitionReader]Loading XML bean definitions from class path resource [spring-mvc.xml]
[INFO] [2016-08-21 23:59:51][org.springframework.beans.factory.annotation.AutowiredAnnotationBeanPostProcessor]JSR-330 'javax.inject.Inject' annotation found and supported for autowiring
[INFO] [2016-08-21 23:59:52][org.springframework.web.servlet.mvc.annotation.DefaultAnnotationHandlerMapping]Mapped URL path [/customerController/exit] onto handler 'customerController'
[INFO] [2016-08-21 23:59:52][org.springframework.web.servlet.mvc.annotation.DefaultAnnotationHandlerMapping]Mapped URL path [/customerController/exit.*] onto handler 'customerController'
[INFO] [2016-08-21 23:59:52][org.springframework.web.servlet.mvc.annotation.DefaultAnnotationHandlerMapping]Mapped URL path [/customerController/exit/] onto handler 'customerController'
[INFO] [2016-08-21 23:59:52][org.springframework.web.servlet.mvc.annotation.DefaultAnnotationHandlerMapping]Mapped URL path [/customerController/getByPage] onto handler 'customerController'
[INFO] [2016-08-21 23:59:52][org.springframework.web.servlet.mvc.annotation.DefaultAnnotationHandlerMapping]Mapped URL path [/customerController/getByPage.*] onto handler 'customerController'
[INFO] [2016-08-21 23:59:52][org.springframework.web.servlet.mvc.annotation.DefaultAnnotationHandlerMapping]Mapped URL path [/customerController/getByPage/] onto handler 'customerController'
[INFO] [2016-08-21 23:59:52][org.springframework.web.servlet.mvc.annotation.DefaultAnnotationHandlerMapping]Mapped URL path [/customerController/customerLogin] onto handler 'customerController'
[INFO] [2016-08-21 23:59:52][org.springframework.web.servlet.mvc.annotation.DefaultAnnotationHandlerMapping]Mapped URL path [/customerController/customerLogin.*] onto handler 'customerController'
[INFO] [2016-08-21 23:59:52][org.springframework.web.servlet.mvc.annotation.DefaultAnnotationHandlerMapping]Mapped URL path [/customerController/customerLogin/] onto handler 'customerController'
[INFO] [2016-08-21 23:59:52][org.springframework.web.servlet.DispatcherServlet]FrameworkServlet 'SpringMVC': initialization completed in 501 ms
